FILE_TYPE=LIBRARY_PARTS;
PRIMITIVE 'ATX_11_F_32.000MHZ_F05_T','ATX_11_F_32.000MHZ_F05_T_Other';
  PIN
    'GND_1':
      PIN_NUMBER='(1)';
      NO_LOAD_CHECK=BOTH;
      NO_IO_CHECK=BOTH;
      ALLOW_CONNECT=TRUE;
      PINUSE='UNSPEC';
    'GND_2':
      PIN_NUMBER='(2)';
      NO_LOAD_CHECK=BOTH;
      NO_IO_CHECK=BOTH;
      ALLOW_CONNECT=TRUE;
      PINUSE='UNSPEC';
    'OUTPUT':
      PIN_NUMBER='(3)';
      NO_LOAD_CHECK=BOTH;
      NO_IO_CHECK=BOTH;
      ALLOW_CONNECT=TRUE;
      PINUSE='UNSPEC';
    'VDD':
      PIN_NUMBER='(4)';
      NO_LOAD_CHECK=BOTH;
      NO_IO_CHECK=BOTH;
      ALLOW_CONNECT=TRUE;
      PINUSE='UNSPEC';
  END_PIN;
  BODY
    PART_NAME='ATX_11_F_32.000MHZ_F05_T';
    PHYS_DES_PREFIX='Y';
    NO_LOAD_CHECK='TRUE';
    PIN_COUNT='4';
    BODY_NAME='ATX_11_F_32.000MHZ_F05_T';
    JEDEC_TYPE='ATX11F32000MHZF05T';
  END_BODY;
END_PRIMITIVE;
END.
